<?xml version="1.0" encoding="UTF-8" ?>
<testsuite failures="1" time="36.968" errors="0" skipped="0" tests="1" name="TestSuite">
  <properties>
[...]
</properties>
  <testcase time="36.968" classname="com.gb.search.utils.AllTest" name="alltest">
    <failure message="The given selector css=#filterlink_2 &gt; span &gt; #filterlink-close_1 is either invalid or does not result in a WebElement. The following error occurred:
InvalidSelectorError: Unable to locate an element with the xpath expression css=#filterlink_2 &gt; span &gt; #filterlink-close_1 because of the following error:
[Exception... &quot;The expression is not a legal expression.&quot;  code: &quot;12&quot; nsresult: &quot;0x805b0033 (SyntaxError)&quot;  location: &quot;file:///C:/Users/REKHA~1.SIN/AppData/Local/Temp/anonymous692956846711346665webdriver-profile/extensions/fxdriver@googlecode.com/components/driver_component.js Line: 6492&quot;]
Command duration or timeout: 27 milliseconds
For documentation on this error, please visit: http://seleniumhq.org/exceptions/invalid_selector_exception.html
Build info: version: &apos;2.42.2&apos;, revision: &apos;6a6995d31c7c56c340d6f45a76976d43506cd6cc&apos;, time: &apos;2014-06-03 10:52:47&apos;
System info: host: &apos;inblrlt-REKHA&apos;, ip: &apos;192.168.56.1&apos;, os.name: &apos;Windows 7&apos;, os.arch: &apos;x86&apos;, os.version: &apos;6.1&apos;, java.version: &apos;1.7.0_05&apos;
Session ID: 5b388a35-66c6-4bba-be78-c4ec3df42ceb
Driver info: org.openqa.selenium.firefox.FirefoxDriver
Capabilities [{platform=XP, acceptSslCerts=true, javascriptEnabled=true, browserName=firefox, rotatable=false, locationContextEnabled=true, version=24.0, cssSelectorsEnabled=true, databaseEnabled=true, handlesAlerts=true, browserConnectionEnabled=true, nativeEvents=true, webStorageEnabled=true, applicationCacheEnabled=true, takesScreenshot=true}]" type="org.openqa.selenium.InvalidSelectorException">org.openqa.selenium.InvalidSelectorException: The given selector css=#filterlink_2 &gt; span &gt; #filterlink-close_1 is either invalid or does not result in a WebElement. The following error occurred:
InvalidSelectorError: Unable to locate an element with the xpath expression css=#filterlink_2 &gt; span &gt; #filterlink-close_1 because of the following error:
[Exception... &quot;The expression is not a legal expression.&quot;  code: &quot;12&quot; nsresult: &quot;0x805b0033 (SyntaxError)&quot;  location: &quot;file:///C:/Users/REKHA~1.SIN/AppData/Local/Temp/anonymous692956846711346665webdriver-profile/extensions/fxdriver@googlecode.com/components/driver_component.js Line: 6492&quot;]
Command duration or timeout: 27 milliseconds
For documentation on this error, please visit: http://seleniumhq.org/exceptions/invalid_selector_exception.html
Build info: version: &apos;2.42.2&apos;, revision: &apos;6a6995d31c7c56c340d6f45a76976d43506cd6cc&apos;, time: &apos;2014-06-03 10:52:47&apos;
System info: host: &apos;inblrlt-REKHA&apos;, ip: &apos;192.168.56.1&apos;, os.name: &apos;Windows 7&apos;, os.arch: &apos;x86&apos;, os.version: &apos;6.1&apos;, java.version: &apos;1.7.0_05&apos;
Session ID: 5b388a35-66c6-4bba-be78-c4ec3df42ceb
Driver info: org.openqa.selenium.firefox.FirefoxDriver
Capabilities [{platform=XP, acceptSslCerts=true, javascriptEnabled=true, browserName=firefox, rotatable=false, locationContextEnabled=true, version=24.0, cssSelectorsEnabled=true, databaseEnabled=true, handlesAlerts=true, browserConnectionEnabled=true, nativeEvents=true, webStorageEnabled=true, applicationCacheEnabled=true, takesScreenshot=true}]
	at sun.reflect.NativeConstructorAccessorImpl.newInstance0(Native Method)
	at sun.reflect.NativeConstructorAccessorImpl.newInstance(Unknown Source)
	at sun.reflect.DelegatingConstructorAccessorImpl.newInstance(Unknown Source)
	at java.lang.reflect.Constructor.newInstance(Unknown Source)
	at org.openqa.selenium.remote.ErrorHandler.createThrowable(ErrorHandler.java:204)
	at org.openqa.selenium.remote.ErrorHandler.throwIfResponseFailed(ErrorHandler.java:156)
	at org.openqa.selenium.remote.RemoteWebDriver.execute(RemoteWebDriver.java:599)
	at org.openqa.selenium.remote.RemoteWebDriver.findElement(RemoteWebDriver.java:352)
	at org.openqa.selenium.remote.RemoteWebDriver.findElementByXPath(RemoteWebDriver.java:449)
	at org.openqa.selenium.By$ByXPath.findElement(By.java:357)
	at org.openqa.selenium.remote.RemoteWebDriver.findElement(RemoteWebDriver.java:344)
	at org.openqa.selenium.support.pagefactory.DefaultElementLocator.findElement(DefaultElementLocator.java:59)
	at org.openqa.selenium.support.pagefactory.internal.LocatingElementHandler.invoke(LocatingElementHandler.java:34)
	at $Proxy9.click(Unknown Source)
	at com.gb.analytic.dashboard.VerifyCategoryReportTest.verifyclosingreportinstanceviewer(VerifyCategoryReportTest.java:113)
	at com.gb.search.utils.AllTest.alltest(AllTest.java:36)
Caused by: org.openqa.selenium.remote.ErrorHandler$UnknownServerException: The given selector css=#filterlink_2 &gt; span &gt; #filterlink-close_1 is either invalid or does not result in a WebElement. The following error occurred:
InvalidSelectorError: Unable to locate an element with the xpath expression css=#filterlink_2 &gt; span &gt; #filterlink-close_1 because of the following error:
[Exception... &quot;The expression is not a legal expression.&quot;  code: &quot;12&quot; nsresult: &quot;0x805b0033 (SyntaxError)&quot;  location: &quot;file:///C:/Users/REKHA~1.SIN/AppData/Local/Temp/anonymous692956846711346665webdriver-profile/extensions/fxdriver@googlecode.com/components/driver_component.js Line: 6492&quot;]
Build info: version: &apos;2.42.2&apos;, revision: &apos;6a6995d31c7c56c340d6f45a76976d43506cd6cc&apos;, time: &apos;2014-06-03 10:52:47&apos;
System info: host: &apos;inblrlt-REKHA&apos;, ip: &apos;192.168.56.1&apos;, os.name: &apos;Windows 7&apos;, os.arch: &apos;x86&apos;, os.version: &apos;6.1&apos;, java.version: &apos;1.7.0_05&apos;
Driver info: driver.version: unknown
	at &lt;anonymous class&gt;.FirefoxDriver.annotateInvalidSelectorError_(file:///C:/Users/REKHA~1.SIN/AppData/Local/Temp/anonymous692956846711346665webdriver-profile/extensions/fxdriver@googlecode.com/components/driver_component.js:9444)
	at &lt;anonymous class&gt;.FirefoxDriver.prototype.findElementInternal_(file:///C:/Users/REKHA~1.SIN/AppData/Local/Temp/anonymous692956846711346665webdriver-profile/extensions/fxdriver@googlecode.com/components/driver_component.js:9475)
	at &lt;anonymous class&gt;.FirefoxDriver.prototype.findElement(file:///C:/Users/REKHA~1.SIN/AppData/Local/Temp/anonymous692956846711346665webdriver-profile/extensions/fxdriver@googlecode.com/components/driver_component.js:9479)
	at &lt;anonymous class&gt;.DelayedCommand.prototype.executeInternal_/h(file:///C:/Users/REKHA~1.SIN/AppData/Local/Temp/anonymous692956846711346665webdriver-profile/extensions/fxdriver@googlecode.com/components/command_processor.js:11455)
	at &lt;anonymous class&gt;.DelayedCommand.prototype.executeInternal_(file:///C:/Users/REKHA~1.SIN/AppData/Local/Temp/anonymous692956846711346665webdriver-profile/extensions/fxdriver@googlecode.com/components/command_processor.js:11460)
	at &lt;anonymous class&gt;.DelayedCommand.prototype.execute/&lt;(file:///C:/Users/REKHA~1.SIN/AppData/Local/Temp/anonymous692956846711346665webdriver-profile/extensions/fxdriver@googlecode.com/components/command_processor.js:11402)
</failure>
    <system-out>Configuring TestNG with: org.apache.maven.surefire.testng.conf.TestNGMapConfigurator@146b6db
You are under test annotation 
login operation is onnnnnn
Dashboard tab is enabled 
standardanlytic tab is enabled [[FirefoxDriver: firefox on XP (5b388a35-66c6-4bba-be78-c4ec3df42ceb)] -&gt; xpath: //a[contains(.,&apos;Standard Analytics&apos;)]]
WaitForElementToLoad has been called
Verify Category name of dashboard
 Category name is Present::::  [[FirefoxDriver: firefox on XP (5b388a35-66c6-4bba-be78-c4ec3df42ceb)] -&gt; xpath: //span[contains(.,&apos;Installbase Violation&apos;)]]
 Category description is Present 
First_Report_name is present
 First_Report_desc description is present
WaitForElementToLoad has been called
WaitForElementToLoad has been called
Instance viewer icon is  opened
Report in instance have data.
Closed_Instance_report is present.
</system-out>
  </testcase>
</testsuite>